<?xml version="1.0" encoding="UTF-8"?>
<testng-results ignored="0" total="2" passed="2" failed="0" skipped="0">
  <reporter-output>
  </reporter-output>
  <suite started-at="2026-06-18T00:35:15 IST" name="Default suite" finished-at="2026-06-18T00:35:17 IST" duration-ms="1832">
    <groups>
    </groups>
    <test started-at="2026-06-18T00:35:15 IST" name="Default test" finished-at="2026-06-18T00:35:17 IST" duration-ms="1832">
      <class name="tests.GetAllRoles">
        <test-method is-config="true" signature="setup()[pri:0, instance:tests.GetAllRoles@10289886]" started-at="2026-06-18T00:35:10 IST" name="setup" finished-at="2026-06-18T00:35:15 IST" duration-ms="5737" status="PASS">
          <reporter-output>
          </reporter-output>
        </test-method> <!-- setup -->
        <test-method signature="getroles()[pri:0, instance:tests.GetAllRoles@10289886]" started-at="2026-06-18T00:35:15 IST" name="getroles" finished-at="2026-06-18T00:35:17 IST" duration-ms="1385" status="PASS">
          <reporter-output>
          </reporter-output>
        </test-method> <!-- getroles -->
        <test-method signature="getrolesWithoutToken()[pri:0, instance:tests.GetAllRoles@10289886]" started-at="2026-06-18T00:35:17 IST" name="getrolesWithoutToken" finished-at="2026-06-18T00:35:17 IST" duration-ms="376" status="PASS">
          <reporter-output>
          </reporter-output>
        </test-method> <!-- getrolesWithoutToken -->
      </class> <!-- tests.GetAllRoles -->
    </test> <!-- Default test -->
  </suite> <!-- Default suite -->
</testng-results>
