<?xml version="1.0" encoding="UTF-8"?>
<!-- Generated by org.testng.reporters.JUnitReportReporter -->
<testsuite hostname="Jagadeep" failures="0" tests="6" name="Tests.LoginTest" time="14.304" errors="0" timestamp="2026-06-17T22:37:49 IST" skipped="0">
  <testcase classname="Tests.LoginTest" name="invalidLoginTest" time="3.696"/>
  <testcase classname="Tests.LoginTest" name="invalidLoginTest" time="4.538"/>
  <testcase classname="Tests.LoginTest" name="invalidLoginTest" time="0.440"/>
  <testcase classname="Tests.LoginTest" name="invalidLoginTest" time="0.893"/>
  <testcase classname="Tests.LoginTest" name="invalidLoginTest" time="0.454"/>
  <testcase classname="Tests.LoginTest" name="validLoginTest" time="4.283"/>
</testsuite> <!-- Tests.LoginTest -->
